20230526	19:38:08	36fcd95b-8738-4c02-aee3-057d980e769f	OPTIONS	/auth/login/success	http://localhost:3000
20230526	19:38:08	35754032-0136-4282-88ea-64d89034cef5	OPTIONS	/auth/login/success	http://localhost:3000
20230526	19:38:08	be5bd94a-05a8-4e35-ae00-ab322b64dda4	GET	/auth/login/success	http://localhost:3000
20230526	19:38:11	075ee5c4-72f8-49a1-a1ec-914c4781fbb0	GET	/auth/google	undefined
20230526	19:41:45	bbd9ee6b-2d39-4182-8d6b-5886007af8c2	GET	/auth/google	undefined
20230526	19:47:31	1880a366-c1d0-45d8-bae1-52a3373fd52d	OPTIONS	/auth/login/success	http://localhost:3000
20230526	19:47:31	76ae73ab-a650-48e8-ae7f-2635d82db4a6	OPTIONS	/auth/login/success	http://localhost:3000
20230526	19:47:31	a831f0f5-d131-4854-baa7-ccc09531e4c4	GET	/auth/login/success	http://localhost:3000
20230526	19:47:34	96853d5a-7632-432a-a26b-cb231eb81646	GET	/auth/google	undefined
20230526	19:47:34	dc135bf8-da4c-45c6-b4ea-0541b2f1fef5	GET	/auth/google/callback?code=4%2F0AbUR2VPJtFQyNopVAnv1lYljOHl9l1o5T1TnUMOurUres5p5w9i068-vLWG6O43dM_GYJw&scope=profile+https%3A%2F%2Fwww.googleapis.com%2Fauth%2Fuserinfo.profile	undefined
20230526	19:47:35	4dc9d83b-7d20-4fa5-a80d-9dd755bfb2d1	GET	/auth/login/success	http://localhost:3000
20230526	19:47:35	5fb0efba-86a5-4734-864e-b39e306aa4b9	GET	/auth/login/success	http://localhost:3000
20230526	19:47:51	d7155829-c03b-47be-87c4-b9420a2a8764	GET	/auth/logout	undefined
20230526	19:47:51	88158523-87a6-4b95-b16f-3314bcd839f1	OPTIONS	/auth/login/success	http://localhost:3000
20230526	19:47:51	b481cdc1-23c1-4c00-92a4-5f190d9dfd37	OPTIONS	/auth/login/success	http://localhost:3000
20230526	19:47:51	eb0f935b-32c5-4964-8440-9bc77d49c97f	GET	/auth/login/success	http://localhost:3000
20230526	19:48:11	e4b31b3f-8443-4762-a81e-5bc4c0c1a34c	GET	/auth/login/success	http://localhost:3000
20230526	19:48:55	7fc9a081-bf51-40e3-a999-93839d97411f	GET	/auth/github	undefined
20230526	19:48:56	66f0da8b-1403-4851-8355-10673fdf2b99	GET	/auth/github/callback?code=12087c2e24a2358f037e	undefined
20230526	19:48:57	6dd72f7c-6c20-4563-956f-575db5e72a39	OPTIONS	/auth/login/success	http://localhost:3000
20230526	19:48:57	c0e08d2b-60d9-4998-a84d-2951b531e801	OPTIONS	/auth/login/success	http://localhost:3000
20230526	19:48:57	555ef5b3-3bce-4d7d-a30c-da29b7014c37	GET	/auth/login/success	http://localhost:3000
20230526	19:48:57	b4dc795d-cf1b-4a42-ace2-15c9cad02375	GET	/auth/login/success	http://localhost:3000
20230526	19:49:24	495a7bea-964f-4a44-b65e-366279f53e4a	GET	/auth/logout	undefined
20230526	19:49:25	53141363-68d3-442b-a769-db6ce17f0802	OPTIONS	/auth/login/success	http://localhost:3000
20230526	19:49:25	94820b58-0243-4186-83b5-ea2e183b484f	OPTIONS	/auth/login/success	http://localhost:3000
20230526	19:49:25	d3c920d7-d522-49dc-8d0b-b15b7ab9dd95	GET	/auth/login/success	http://localhost:3000
20230526	19:53:22	980d9c3b-bcf7-491a-9b7d-f282c08aa295	GET	/auth/google	undefined
20230526	19:53:23	ce876b7b-8aba-440b-81f6-f4a5a563bec6	GET	/auth/google/callback?code=4%2F0AbUR2VOzbM3DSAJQKvfLyo9M0zZKRzgzUzOwJtvgS04OrRqxpElYDDb7bjDlNoq1anBzeQ&scope=profile+https%3A%2F%2Fwww.googleapis.com%2Fauth%2Fuserinfo.profile	undefined
20230526	19:53:23	06016a60-280b-489c-a985-1c1035ea9328	OPTIONS	/auth/login/success	http://localhost:3000
20230526	19:53:23	77dcd909-193c-46d6-ab2e-78ab15ac7a81	OPTIONS	/auth/login/success	http://localhost:3000
20230526	19:53:23	ef091251-13da-46d7-a356-f92577eba4ed	GET	/auth/login/success	http://localhost:3000
20230526	19:53:23	d3703e41-2593-432e-b26c-3ce7b7691345	GET	/auth/login/success	http://localhost:3000
20230526	19:53:26	e05991e6-3d95-4fbd-b9f6-d71de9dc04c7	GET	/auth/logout	undefined
20230526	19:53:27	521fede2-f0c6-40c0-8371-45d526f5a6bd	GET	/auth/login/success	http://localhost:3000
20230526	19:53:47	9f578664-37b2-44b3-aac3-3d95a96d3f94	GET	/auth/login/success	http://localhost:3000
20230526	20:01:44	bf4d2bd6-3ebd-4385-948e-7ce4d754bcaf	OPTIONS	/auth/login/success	http://localhost:3000
20230526	20:01:44	0575e41d-5acf-4e3a-b40b-10bbcf1b3b18	OPTIONS	/auth/login/success	http://localhost:3000
20230526	20:01:44	09c6fd17-b5ca-48c7-9fa5-e25dcf6b506c	GET	/auth/login/success	http://localhost:3000
20230526	20:02:04	94b8b78d-7e62-4e0b-9550-7a00cccdf5e7	GET	/auth/login/success	http://localhost:3000
20230526	20:02:32	3dc5c9e0-d271-45f1-a6a8-4efebfc5d64b	OPTIONS	/auth/login/success	http://localhost:3000
20230526	20:02:52	2220c7af-f93b-4499-8ace-b043970c8ee2	GET	/auth/login/success	http://localhost:3000
20230526	20:04:37	f9bceaaa-422b-41a2-a71d-d4ebb1054718	OPTIONS	/auth/login/success	http://localhost:3000
20230526	20:04:57	a7df56d6-2e0c-4d15-ab73-7aaf4937214a	GET	/auth/login/success	http://localhost:3000
20230526	20:13:27	f58aa3c2-0134-45ba-bc5b-f41d77b607d9	OPTIONS	/auth/login/success	http://localhost:3000
20230526	20:13:27	ce2d93dc-e678-4e0d-bf66-d65ea4a79303	OPTIONS	/auth/login/success	http://localhost:3000
20230526	20:13:27	625d4e21-4ff8-442d-a5c0-eaa7c554917e	GET	/auth/login/success	http://localhost:3000
20230526	20:13:32	f77406b6-97ce-459d-ad9a-c92a335f9628	GET	/auth/google	undefined
20230526	20:13:33	618b8bdb-83db-47bb-9ab0-727442eaa548	GET	/auth/google/callback?code=4%2F0AbUR2VOoS_uRrw6-lg6ZmJm742VOAKWKP8s4HLpMFylhvucKSusd2Q-uVabMst5WvvR16g&scope=profile+https%3A%2F%2Fwww.googleapis.com%2Fauth%2Fuserinfo.profile	undefined
20230526	20:13:33	dbfba46f-a131-40b3-94aa-0168bd1d1002	GET	/auth/login/success	http://localhost:3000
20230526	20:13:33	3c8f3081-5153-421b-b549-3c2cbdbca7a6	OPTIONS	/auth/login/success	http://localhost:3000
20230526	20:13:33	bdc50d33-98bb-4d44-adad-69ab228eec22	OPTIONS	/auth/login/success	http://localhost:3000
20230526	20:13:33	fc87b3d1-4596-4f38-8ddd-b9c09850ca2c	GET	/auth/login/success	http://localhost:3000
20230526	20:13:33	ca2e8c00-672c-4357-b7f1-b1e9127507d9	GET	/auth/login/success	http://localhost:3000
20230526	20:13:35	17b210b5-071b-4f6b-a88b-a7f8e33223de	GET	/auth/logout	undefined
20230526	20:13:35	94ef25e1-b7d7-485d-bcd1-42f5ec0fb2d4	GET	/auth/login/success	http://localhost:3000
20230526	20:13:55	aa139dbb-6cc8-49dc-807a-a0609922c646	GET	/auth/login/success	http://localhost:3000
20230526	20:14:39	c8777c07-00b6-43e7-9de1-da04e9018c21	OPTIONS	/auth/login/success	http://localhost:3000
20230526	20:14:58	8001df3b-228d-4e4a-b6cc-63f096f15042	OPTIONS	/auth/login/success	http://localhost:3000
20230526	20:14:59	9cde878f-9698-42fb-a60c-aa23cc431592	GET	/auth/login/success	http://localhost:3000
20230526	20:14:59	65a2290f-bdc6-4a2d-9380-8dfeda7add98	GET	/auth/login/success	http://localhost:3000
20230526	20:14:59	684c8577-283c-4f15-9f0d-0bce093a9e0b	GET	/auth/login/success	http://localhost:3000
20230526	20:15:18	3897f19c-6231-4bba-bf7c-3245f73b73ee	GET	/auth/login/success	http://localhost:3000
20230526	20:15:26	fc5f93e6-9854-4c0d-a457-80350d7c4b9c	OPTIONS	/auth/login/success	http://localhost:3000
20230526	20:15:33	aa7e4cd1-40bd-43b8-a613-85826745f4c5	OPTIONS	/auth/login/success	http://localhost:3000
20230526	20:15:53	35e48140-6ee2-4cc2-b191-147fd7efe782	OPTIONS	/auth/login/success	http://localhost:3000
20230526	20:16:27	401e767e-20ba-4d22-ae25-602feb5931e9	OPTIONS	/auth/login/success	http://localhost:3000
20230526	20:16:36	3cfdbb3a-7fbd-432c-bdd3-b4c80fa7af82	OPTIONS	/auth/login/success	http://localhost:3000
20230526	20:17:32	3841ed99-5e97-409d-8c04-78c78a8f9d01	OPTIONS	/auth/login/success	http://localhost:3000
20230526	20:17:39	ec8b9b9b-55ad-4e78-8256-15738eccc038	OPTIONS	/auth/login/success	http://localhost:3000
20230526	20:17:51	69078845-11fd-4c83-9b89-776940d8c856	OPTIONS	/auth/login/success	http://localhost:3000
20230526	20:18:36	d6d0ff90-f187-45d0-a06c-957bf9cdf370	OPTIONS	/auth/login/success	http://localhost:3000
20230526	20:18:43	715b4aeb-e4f0-4a76-b719-f5367ffdae8b	OPTIONS	/auth/login/success	http://localhost:3000
20230526	20:18:56	8f308e2b-132e-4fc2-af6b-a7a9134f1d15	OPTIONS	/auth/login/success	http://localhost:3000
20230526	20:21:20	cc8475b7-fb06-40d1-bd59-0ea9c6d66f05	OPTIONS	/auth/login/success	http://localhost:3000
20230526	20:21:20	c9bf18b9-5748-481e-90c0-84def9ac3f80	OPTIONS	/auth/login/success	http://localhost:3000
20230526	20:21:20	d10f63b7-ae7a-495f-a177-3ec40ee69e4f	GET	/auth/login/success	http://localhost:3000
20230526	20:21:38	40de47fb-a15a-4514-8363-eac686fd914a	OPTIONS	/auth/login/success	http://localhost:3000
20230526	20:21:38	5bec8e72-b26a-449f-a1f9-d0770a76e83c	OPTIONS	/auth/login/success	http://localhost:3000
20230526	20:21:38	08ad9b26-b614-48de-b9fb-8f52be7494ac	GET	/auth/login/success	http://localhost:3000
20230526	20:21:43	1dff44ab-49e6-40d5-95c6-afd8b3f1ffea	GET	/auth/google	undefined
20230526	20:21:43	ad608fc0-4ba4-4ad5-83c2-67a4a9638bc3	GET	/auth/google/callback?code=4%2F0AbUR2VO3WKeUx8u5ZXkf9qteLRz4fWji0T5RWidSjnHv3Z61NVpcn44GQsL93jhVHXqo3A&scope=profile+https%3A%2F%2Fwww.googleapis.com%2Fauth%2Fuserinfo.profile	undefined
20230526	20:21:44	43af5838-2b41-4ff5-af22-e30e3db2a6e1	GET	/auth/login/success	http://localhost:3000
20230526	20:21:45	c9648e76-15db-4963-96da-b97c9e5dacb0	OPTIONS	/auth/login/success	http://localhost:3000
20230526	20:21:45	a6c6af16-ca74-4bc2-8f7f-b2a14ef71e30	OPTIONS	/auth/login/success	http://localhost:3000
20230526	20:21:45	e094a91b-3935-48cb-8c2d-3a21f30b330b	GET	/auth/login/success	http://localhost:3000
20230526	20:21:45	691cb741-c7ae-44d3-81c4-3a543bd41bac	GET	/auth/login/success	http://localhost:3000
20230526	20:26:47	669e0c7c-2856-4152-911b-13fbce44ae36	OPTIONS	/auth/login/success	http://localhost:3000
20230526	20:26:47	0eee1694-f0e5-48d5-a866-c379a2b268e1	OPTIONS	/auth/login/success	http://localhost:3000
20230526	20:26:47	2ba6ab6b-eec7-467b-9130-4012b52429b5	GET	/auth/login/success	http://localhost:3000
20230526	20:26:47	7577e2f1-a573-45bd-b15d-c8c868bb0af1	GET	/auth/login/success	http://localhost:3000
20230526	20:28:10	763b506f-e284-4270-8d46-9d86bb350f79	GET	/auth/logout	undefined
20230526	20:28:11	837908c9-4e2e-4762-9051-1727cf913328	OPTIONS	/auth/login/success	http://localhost:3000
20230526	20:28:11	6c2fd7bd-7e62-4eda-a309-1c950ca50051	OPTIONS	/auth/login/success	http://localhost:3000
20230526	20:28:11	bd951382-efdc-4ba6-a932-61744fb1b60e	GET	/auth/login/success	http://localhost:3000
20230526	20:28:13	79df64a0-933b-43e9-94f9-12ac05ca30fa	GET	/auth/google	undefined
20230526	20:28:14	5598aa9d-2e95-4fda-a86c-8ec965dedac5	GET	/auth/google/callback?code=4%2F0AbUR2VMEYV8YXzhTNeMGT7cf3BcXX8KH8b0MsTcjcxd1p4nIXv6w15t14auf4aATOcdjvg&scope=profile+https%3A%2F%2Fwww.googleapis.com%2Fauth%2Fuserinfo.profile	undefined
20230526	20:28:14	65f77620-17a5-47e2-9fa3-9d8b6b83ac74	GET	/auth/login/success	http://localhost:3000
20230526	20:28:14	24147fd5-4136-4950-8ad7-8ab497a4baa4	GET	/auth/login/success	http://localhost:3000
20230526	20:28:14	c7c50829-d71d-46f2-a414-8e5b0dfd2322	GET	/auth/login/success	http://localhost:3000
20230526	20:30:15	11b64b02-ac02-43f4-9e78-174e84a791b2	GET	/auth/logout	undefined
20230526	20:30:16	bbac427b-a307-4556-90b9-aa055c2f9080	OPTIONS	/auth/login/success	http://localhost:3000
20230526	20:30:16	04056928-d182-4f28-8172-bf7a6989aaf6	OPTIONS	/auth/login/success	http://localhost:3000
20230526	20:30:16	5dd02910-e3de-42b9-981f-164e7f190652	GET	/auth/login/success	http://localhost:3000
20230526	20:30:18	14c71ead-1f4c-40dd-adfb-4ace8bf60779	GET	/auth/google	undefined
20230526	20:30:18	1163e54e-46d4-4f63-9877-ce5265142e8c	GET	/auth/google/callback?code=4%2F0AbUR2VNQ-L8_V3r4Dx5KzCbqp7D4qWzOzAcNCNejreS1pr9GKHWsNTE9EfEZOa5K5wGUyw&scope=profile+https%3A%2F%2Fwww.googleapis.com%2Fauth%2Fuserinfo.profile	undefined
20230526	20:30:18	ada55981-9906-440e-b166-7bdf4a67ce0c	GET	/auth/login/success	http://localhost:3000
20230526	20:30:18	3cb70ee2-4101-43aa-9474-4385f306984b	GET	/auth/login/success	http://localhost:3000
20230526	20:30:18	db440b2a-9c3c-47ea-8c62-037c4382af40	GET	/auth/login/success	http://localhost:3000
20230526	20:33:27	9daff9c4-706d-44dd-bcfb-47ccbb76a234	GET	/auth/logout	undefined
20230526	20:33:28	dc80180a-5bbb-484a-a1ca-a0cda1a69187	OPTIONS	/auth/login/success	http://localhost:3000
20230526	20:33:28	8c31b46e-972c-446c-8dae-2000578838c4	OPTIONS	/auth/login/success	http://localhost:3000
20230526	20:33:28	30188a26-9e7b-48e3-8676-2e7dc744d880	GET	/auth/login/success	http://localhost:3000
20230526	20:33:48	dd73223f-7f2e-4ff9-a463-ba228bd0126e	GET	/auth/login/success	http://localhost:3000
20230526	20:38:57	3943c249-5c56-4b28-8cf3-2796e1e8494d	OPTIONS	/auth/login/success	http://localhost:3000
20230526	20:38:57	60ef75f1-214b-41ff-aa5e-72852c7f123d	OPTIONS	/auth/login/success	http://localhost:3000
20230526	20:38:57	25c8cb1d-4871-4279-b6bc-facf83bb9d57	GET	/auth/login/success	http://localhost:3000
20230526	20:39:17	a3dd697a-ae50-4898-b114-905729c578de	GET	/auth/login/success	http://localhost:3000
20230526	20:45:32	fdc73c65-a386-4206-b0dc-c13762a3afd4	OPTIONS	/auth/login/success	http://localhost:3000
20230526	20:45:52	bc19768b-33ce-4a2f-af7d-7eeaca1c71dc	GET	/auth/login/success	http://localhost:3000
20230526	20:58:05	60792a9f-7535-4b3b-a96c-19a1e276d29a	OPTIONS	/auth/login/success	http://localhost:3000
20230526	20:58:05	b8596a35-d182-4c37-9adf-4a085ed744df	OPTIONS	/auth/login/success	http://localhost:3000
20230526	20:58:05	bb7908c3-a503-4b71-adb4-df51dd7ab764	GET	/auth/login/success	http://localhost:3000
20230526	20:58:25	6b22531b-d225-43cd-915e-f3987a251448	GET	/auth/login/success	http://localhost:3000
20230526	21:04:55	bc0aa57c-b90b-4092-8820-ec423d1c06e0	OPTIONS	/auth/login/success	http://localhost:3000
20230526	21:04:55	40961f41-374f-4036-ab0a-8cb65954e523	OPTIONS	/auth/login/success	http://localhost:3000
20230526	21:05:15	bdc49feb-3690-4f9a-a8d2-dd538c9ee634	GET	/auth/login/success	http://localhost:3000
20230526	21:05:15	47ca18f8-1ac8-4a9a-b1a7-a148fba86240	GET	/auth/login/success	http://localhost:3000
20230526	21:11:18	a9115644-d922-4a63-b4c9-bd5538ad4b37	OPTIONS	/auth/login/success	http://localhost:3000
20230526	21:11:18	dc9b720d-bf38-4be0-875d-4bb0af261909	OPTIONS	/auth/login/success	http://localhost:3000
20230526	21:11:18	d6d53671-f254-494a-8511-58112e1e1bb2	GET	/auth/login/success	http://localhost:3000
20230526	21:11:38	93901280-a383-4817-9a08-18b474bebef9	GET	/auth/login/success	http://localhost:3000
20230526	21:11:54	f3417626-c267-46af-ae89-75386d98ceb0	OPTIONS	/auth/login/success	http://localhost:3000
20230526	21:11:54	6849e09c-2368-4a78-9567-973dc758cd48	OPTIONS	/auth/login/success	http://localhost:3000
20230526	21:11:54	531c27f2-027b-483e-abad-35be606dab0f	GET	/auth/login/success	http://localhost:3000
20230526	21:12:15	24c65f65-8023-43c6-85b6-029609426b77	GET	/auth/login/success	http://localhost:3000
20230526	21:14:47	855881f0-e182-449e-bc9b-fb459d323c6e	OPTIONS	/auth/login/success	http://localhost:3000
20230526	21:14:47	69672470-659d-4b34-917b-c35b232713c2	OPTIONS	/auth/login/success	http://localhost:3000
20230526	21:14:47	64b64bed-d144-4014-bf5a-1d29df98518e	GET	/auth/login/success	http://localhost:3000
20230526	21:15:07	e35fbea3-f503-4427-b5cb-aa318b3c6e33	GET	/auth/login/success	http://localhost:3000
20230526	21:16:26	5a4d408a-4e1a-4213-98db-076beac5941c	OPTIONS	/auth/login/success	http://localhost:3000
20230526	21:16:26	ba8aeb59-8b1e-43d4-bc55-17dd91358368	OPTIONS	/auth/login/success	http://localhost:3000
20230526	21:16:26	f48c18a2-85a7-42a3-a43a-b8f53214a5f8	GET	/auth/login/success	http://localhost:3000
20230526	21:16:46	92e9558b-c3cf-4d7e-8de2-3dd477ed5832	GET	/auth/login/success	http://localhost:3000
20230526	21:16:50	e3ee688f-34be-4e5a-9017-194736624a2a	OPTIONS	/auth/login/success	http://localhost:3000
20230526	21:16:50	b669c3c0-9a43-421c-9bc4-d7baf36a6253	GET	/auth/login/success	http://localhost:3000
20230526	21:17:10	760d91e4-8885-413c-ae8e-008306e394eb	GET	/auth/login/success	http://localhost:3000
20230526	21:24:25	095be057-69fc-4d70-9f85-65e6bd300867	OPTIONS	/auth/login/success	http://localhost:3000
20230526	21:24:25	6e329040-627a-474d-90b9-6d055685f1b3	OPTIONS	/auth/login/success	http://localhost:3000
20230526	21:24:25	06bcd55d-a651-42fe-abbe-5e973fb4bc8d	GET	/auth/login/success	http://localhost:3000
20230526	21:24:45	ed75ec02-3de9-4164-b097-ab5b75798409	GET	/auth/login/success	http://localhost:3000
20230526	21:33:05	cee815fd-1d08-471a-9fb8-449e50aef9c0	OPTIONS	/auth/login/success	http://localhost:3000
20230526	21:33:25	57f57801-7d30-40cb-8093-09ef1943772b	GET	/auth/login/success	http://localhost:3000
20230526	21:35:23	35326779-2067-4a59-8162-52c2f3d9efba	OPTIONS	/auth/login/success	http://localhost:3000
20230526	21:35:23	dfb50d8f-7dcb-4051-8b42-bbc0c0bddaee	OPTIONS	/auth/login/success	http://localhost:3000
20230526	21:35:43	e980f5fa-829f-4783-830d-ff52f8d69ce4	GET	/auth/login/success	http://localhost:3000
20230526	21:35:43	bfd1ae93-4b60-48e6-ba36-7c09163baf08	GET	/auth/login/success	http://localhost:3000
20230526	21:37:16	e0923956-c133-48d4-bc77-5d0633bd5867	OPTIONS	/auth/login/success	http://localhost:3000
20230526	21:37:16	bd85179e-6336-4eb9-8382-d7629e86d4f4	OPTIONS	/auth/login/success	http://localhost:3000
20230526	21:37:36	bfb9e6ea-d3e6-4d21-bd70-a1fcafdf10c3	GET	/auth/login/success	http://localhost:3000
20230526	21:41:17	d691303c-ea49-4030-a7db-865fbce8a32b	OPTIONS	/auth/login/success	http://localhost:3000
20230526	21:41:17	e7f6f24c-1e6c-415e-86bc-88b3fecf6410	OPTIONS	/auth/login/success	http://localhost:3000
20230526	21:41:17	3daa711f-4dc6-4fc0-b852-008db0af318c	GET	/auth/login/success	http://localhost:3000
20230526	21:41:37	fddc184e-1c89-431b-b443-33cb42842b4b	GET	/auth/login/success	http://localhost:3000
20230526	21:42:43	960b9027-1d56-47b0-9074-98c154206ec7	OPTIONS	/auth/login/success	http://localhost:3000
20230526	21:42:43	c43d73ee-dd99-404c-ba5f-cef705197c11	OPTIONS	/auth/login/success	http://localhost:3000
20230526	21:42:43	502bd779-8a9f-4f08-bf15-9945e4f7a07e	GET	/auth/login/success	http://localhost:3000
20230526	21:42:46	5f5af1fd-96ad-4677-bc2c-7ee6b5757d46	GET	/auth/login/success	http://localhost:3000
20230526	21:43:06	da2228fa-7d4b-4bab-89db-741af7067a3e	GET	/auth/login/success	http://localhost:3000
20230527	16:01:00	00d5ad7b-5527-4098-8b0b-3dd12eaa93bd	OPTIONS	/auth/login/success	http://localhost:3000
20230527	16:01:00	ffc31d98-8bba-4ea5-8755-f91f0692758a	OPTIONS	/auth/login/success	http://localhost:3000
20230527	16:01:00	f9a3bf45-af08-48c7-b621-2bb73f3587bf	GET	/auth/login/success	http://localhost:3000
20230527	16:01:20	1464c1ce-07f1-4587-b138-dc2d95ecab86	GET	/auth/login/success	http://localhost:3000
20230527	16:13:31	051c5c76-296e-4aa4-b3c3-44d14ad97774	GET	/auth/google	undefined
20230527	16:13:31	e279ab2b-dd65-422f-941b-f190af89eb99	GET	/auth/google/callback?code=4%2F0AbUR2VONHOpRPG5e8MNfGrDlSlvDqIv8zySBC3B5ly9U-IKeoaYw89YYNrxp58L9Qgdl_w&scope=profile+https%3A%2F%2Fwww.googleapis.com%2Fauth%2Fuserinfo.profile	undefined
20230527	16:13:32	4cb5c33d-94d4-49c7-a8d5-63881f35f2d7	OPTIONS	/auth/login/success	http://localhost:3000
20230527	16:13:32	05014ada-3a4c-47c6-936d-5842cc0b5c27	OPTIONS	/auth/login/success	http://localhost:3000
20230527	16:13:32	102a12ca-1db2-4e20-8170-3b4b8c2b0320	GET	/auth/login/success	http://localhost:3000
20230527	16:13:32	3029a4b1-5789-4420-8133-a4b46ee4bb36	GET	/auth/login/success	http://localhost:3000
20230527	16:13:35	5c24eb03-0e2e-406f-a433-d6d543671898	GET	/auth/logout	undefined
20230527	16:13:35	56254116-0a8c-4701-b45d-5d84df1343ca	GET	/auth/login/success	http://localhost:3000
20230527	16:13:55	23b52e94-89b5-4219-80e9-0731dcf100bc	GET	/auth/login/success	http://localhost:3000
20230527	16:14:14	da1b1aaf-ced0-4d39-a980-a46c243adcae	GET	/auth/google	undefined
20230527	16:14:14	1dc958d7-3d96-4f59-bccb-72ea4699b720	GET	/auth/google/callback?code=4%2F0AbUR2VN3nVQ4_c8_OeKOlF5w7d_TvQeRngUIj34FGv8LZD7SebDcmShogoqqsfi6kqoIpQ&scope=profile+https%3A%2F%2Fwww.googleapis.com%2Fauth%2Fuserinfo.profile	undefined
20230527	16:14:15	9c5c128c-9880-4af9-b977-88b118c78a36	OPTIONS	/auth/login/success	http://localhost:3000
20230527	16:14:15	6bd81e1d-4223-459f-95fc-46dd8e3a11ad	OPTIONS	/auth/login/success	http://localhost:3000
20230527	16:14:15	88b1696f-7bc4-462d-8a1a-32a3fe90085f	GET	/auth/login/success	http://localhost:3000
20230527	16:14:15	b8c1641f-a89c-4801-ab14-7188f5115d21	GET	/auth/login/success	http://localhost:3000
20230527	16:14:25	9f3a4a8f-75cc-4c83-9001-6619e5faf89c	GET	/auth/logout	undefined
20230527	16:14:25	80a5a562-2fd5-4ddb-8644-8926e07d46a9	OPTIONS	/auth/login/success	http://localhost:3000
20230527	16:14:25	ce4fc2f9-03b0-48c3-8527-22c3dd9c71ba	OPTIONS	/auth/login/success	http://localhost:3000
20230527	16:14:25	54e8bd66-0465-4081-ac1f-638695bfaf77	GET	/auth/login/success	http://localhost:3000
20230527	16:14:45	bd77e4ae-0f65-480a-9d87-07d44c8d3258	GET	/auth/login/success	http://localhost:3000
20230527	16:14:52	7f8c5d8a-3804-4865-80fb-0a608afd040a	GET	/auth/google	undefined
20230527	16:14:53	6df34880-9dcd-48a7-9794-61d007caadb5	GET	/auth/google/callback?code=4%2F0AbUR2VNrId2NXl97FMfC-u4fFVuPG9vcnCzNGgqWDAvU_omDJ_2S7gRBWZUfZYR-hswCBg&scope=profile+https%3A%2F%2Fwww.googleapis.com%2Fauth%2Fuserinfo.profile	undefined
20230527	16:14:54	dd1f1084-50ec-4c14-bfc1-a6606bea1795	OPTIONS	/auth/login/success	http://localhost:3000
20230527	16:14:54	7b7dbbad-7a6a-4563-8927-6eeb36b2f031	OPTIONS	/auth/login/success	http://localhost:3000
20230527	16:14:54	aac26478-ad2d-4a01-b5d1-afd507a3ad26	GET	/auth/login/success	http://localhost:3000
20230527	16:14:54	98926d8f-61af-4fae-8bc3-e0c79d34f5b9	GET	/auth/login/success	http://localhost:3000
20230527	16:15:04	fffed499-cf62-4425-a072-09637e381093	GET	/auth/logout	undefined
20230527	16:15:04	36308af6-6560-4f01-8462-195237bbfb09	OPTIONS	/auth/login/success	http://localhost:3000
20230527	16:15:04	f41547be-2967-44c4-9a1f-2913c707b041	OPTIONS	/auth/login/success	http://localhost:3000
20230527	16:15:04	aca45faf-1884-4016-aa93-fe9ead055a03	GET	/auth/login/success	http://localhost:3000
20230527	16:15:18	341f3192-3a62-44b6-9e21-2caa74036437	GET	/auth/google	undefined
20230527	16:15:18	0b6e4a3b-65fe-4362-80a6-3d2b1dcfd03f	GET	/auth/google/callback?code=4%2F0AbUR2VO4eseHBFmzno0_JDP7pIzJSHPkeJzwSqw6hF_-tX_h5-muLLkwvVNkPwt5IYWPZg&scope=profile+https%3A%2F%2Fwww.googleapis.com%2Fauth%2Fuserinfo.profile	undefined
20230527	16:15:19	e16e897b-1314-49c3-81c6-87181168c180	GET	/auth/login/success	http://localhost:3000
20230527	16:15:19	3d71caa5-f446-45ea-bcc6-ca1ad5758a62	OPTIONS	/auth/login/success	http://localhost:3000
20230527	16:15:19	e5c88631-fce6-4419-b66f-e58cc78406ed	OPTIONS	/auth/login/success	http://localhost:3000
20230527	16:15:19	d924b812-fa10-4449-9dc3-612e7e5dad57	GET	/auth/login/success	http://localhost:3000
20230527	16:15:19	3320eb84-8b92-4a33-91c4-0e135eba62df	GET	/auth/login/success	http://localhost:3000
20230527	16:16:34	8c9607d9-fbf7-49e8-acfa-d929ee8ec907	GET	/auth/logout	undefined
20230527	16:16:35	e8c77c89-290a-4706-ba22-1df1bf5b78c1	OPTIONS	/auth/login/success	http://localhost:3000
20230527	16:16:35	ea2ef812-f7ee-43b3-b77a-b9aaebc65b23	OPTIONS	/auth/login/success	http://localhost:3000
20230527	16:16:35	90e64585-4289-49d9-b0d1-cdf071d3c557	GET	/auth/login/success	http://localhost:3000
20230527	16:16:55	364f5bb5-5ad0-42c5-b3ba-1522c029bea0	GET	/auth/login/success	http://localhost:3000
20230528	10:18:12	7b02c69e-4ef5-4eca-ac6e-5dbdbfc1afcc	OPTIONS	/auth/login/success	http://localhost:3000
20230528	10:18:12	3ec71417-3ace-4847-bb2f-a3f90a3c03c9	OPTIONS	/auth/login/success	http://localhost:3000
20230528	10:18:12	3c4be9e8-0992-4a36-a7c9-395e78f71fca	GET	/auth/login/success	http://localhost:3000
20230528	10:18:32	df07cacb-8d50-43bb-8141-639e8116c315	GET	/auth/login/success	http://localhost:3000
20230528	10:20:44	5246d1af-867e-4962-b9f4-401c8921e820	OPTIONS	/auth/login/success	http://localhost:3000
20230528	10:20:48	26e50220-cbf3-4a21-977b-361e0d7a7b56	GET	/auth/google	undefined
20230528	10:20:48	02bdf457-7298-4326-84d8-73bf4d898d00	GET	/auth/google/callback?code=4%2F0AbUR2VOpha0QQqjwdAkXVSCKhbYi9Y_uF2cASAHEjp8qP6SDzpeiuz8cw59cnyp5RXqCeg&scope=profile+https%3A%2F%2Fwww.googleapis.com%2Fauth%2Fuserinfo.profile	undefined
20230528	10:20:48	853a1cec-f4dc-4b82-b57c-08649e7b3cd5	GET	/auth/login/success	http://localhost:3000
20230528	10:20:49	d5a0b7c3-94a3-49c1-9513-52723e5ed750	OPTIONS	/auth/login/success	http://localhost:3000
20230528	10:20:49	429c3179-7051-4cd4-9217-5d85f9243bc0	OPTIONS	/auth/login/success	http://localhost:3000
20230528	10:20:49	923cfabc-d188-4773-b7ce-b05a950b4b31	GET	/auth/login/success	http://localhost:3000
20230528	10:20:49	065d23dc-b5e3-40b1-8a59-5608b8ac12ac	GET	/auth/login/success	http://localhost:3000
20230528	10:23:54	0ded0b29-3352-4bde-9d01-8f8b353040c5	GET	/auth/logout	undefined
20230528	10:23:55	50eb2770-3586-4dca-b8b8-91bfe14fa917	OPTIONS	/auth/login/success	http://localhost:3000
20230528	10:23:55	fff6a82d-72ef-4477-a9f8-6f6f9542cab1	OPTIONS	/auth/login/success	http://localhost:3000
20230528	10:23:55	a11370d9-7e6a-4219-8172-02b0477a96f1	GET	/auth/login/success	http://localhost:3000
20230528	10:24:11	3797154a-773f-4446-bf8c-67a15beb75c3	GET	/auth/google	undefined
20230528	10:24:11	257661b0-040d-4acd-bfae-80deffa97420	GET	/auth/google/callback?code=4%2F0AbUR2VP_UPh3_C4umLuaven2sUxjB-3_Erqn09LgjZtJodQ-U4z0ULx_GodLmdfZkRxVIg&scope=profile+https%3A%2F%2Fwww.googleapis.com%2Fauth%2Fuserinfo.profile	undefined
20230528	10:24:11	69edbc5c-fea4-4d89-bc52-48fbc67a69e1	GET	/auth/login/success	http://localhost:3000
20230528	10:24:12	29c1e393-22d5-40e6-aece-609ebfc3f07d	OPTIONS	/auth/login/success	http://localhost:3000
20230528	10:24:12	bc2ac60d-0061-432b-b3f8-d6d0a42b1237	OPTIONS	/auth/login/success	http://localhost:3000
20230528	10:24:12	e3f20f10-c15d-4eba-89c7-21c7448944d3	GET	/auth/login/success	http://localhost:3000
20230528	10:24:12	f9ab6901-9b3a-4978-ac0d-37fd65e2b6cc	GET	/auth/login/success	http://localhost:3000
20230528	10:25:03	f59acfd3-4936-4c87-829d-020ef9364be7	GET	/auth/google	undefined
20230528	10:25:03	1fcf75ac-6d65-48a7-a1c5-5bef487d0837	GET	/auth/google/callback?code=4%2F0AbUR2VPcv47aIyQYsngJ9nbK9JmWinlzF41MNrdftOP5z7R6OOdNp_QI8IXadByslJBqNg&scope=profile+https%3A%2F%2Fwww.googleapis.com%2Fauth%2Fuserinfo.profile	undefined
20230528	10:25:04	d258f71e-d66d-4ac6-9b9d-896d473b6371	OPTIONS	/auth/login/success	http://localhost:3000
20230528	10:25:04	6fbff1b8-a90b-4525-8cc7-d089215061fc	OPTIONS	/auth/login/success	http://localhost:3000
20230528	10:25:04	9e1012ac-bccd-4527-834a-2758f452e93c	GET	/auth/login/success	http://localhost:3000
20230528	10:25:04	c72a33dc-fe85-4dd8-b698-8b5cfb05f52d	GET	/auth/login/success	http://localhost:3000
20230528	10:25:37	7ac1dfe0-9891-4236-b83c-19449c3162ba	GET	/auth/google	undefined
20230528	10:25:37	f5b3f702-51fd-47e1-b656-d2fe431ee8e0	GET	/auth/google/callback?code=4%2F0AbUR2VNfYQpuEK731OITSCYj8pXChoAK40nQPvsH2du9ZR3MapNEbaeytir11lEmEGdVRA&scope=profile+https%3A%2F%2Fwww.googleapis.com%2Fauth%2Fuserinfo.profile	undefined
20230528	10:25:37	57d41510-a089-4e92-b420-b54fc3327016	OPTIONS	/auth/login/success	http://localhost:3000
20230528	10:25:37	f75ea63b-f2b0-4c39-bd1e-b3b2a559dae4	OPTIONS	/auth/login/success	http://localhost:3000
20230528	10:25:37	17a6ab70-b315-43c9-97e7-cae4244aae48	GET	/auth/login/success	http://localhost:3000
20230528	10:25:37	131a2ced-6a56-48e9-a20a-8a3b0f68d5c1	GET	/auth/login/success	http://localhost:3000
20230528	10:25:48	e6497351-30d7-4279-9b1f-6e37ce50ff55	GET	/auth/google	undefined
20230528	10:25:49	5147a7d1-cce9-4e27-9106-c5179cfbe030	GET	/auth/google/callback?code=4%2F0AbUR2VMXOpWeArlsBe4pwZP0xGfBg_SZKHj_WaXmWVxuF8NRApGyHI1_w146PLapwz1QaA&scope=profile+https%3A%2F%2Fwww.googleapis.com%2Fauth%2Fuserinfo.profile	undefined
20230528	10:25:49	1af5e7f9-5a34-4ad6-a6c3-abb963287c20	OPTIONS	/auth/login/success	http://localhost:3000
20230528	10:25:49	585d204e-3325-4e8d-b7bf-1a8e1a959f11	GET	/auth/login/success	http://localhost:3000
20230528	10:25:49	d731e6df-12ae-4265-9f34-b83c1568ec71	GET	/auth/login/success	http://localhost:3000
20230528	10:26:11	a5e43eec-5db0-49fd-a177-9c15bec67d50	GET	/auth/logout	undefined
20230528	10:26:11	89fa9c38-3caf-4bbf-b042-1b093c90e6bc	OPTIONS	/auth/login/success	http://localhost:3000
20230528	10:26:11	424dd0a7-50d1-4b63-9434-9d9d746c86ee	OPTIONS	/auth/login/success	http://localhost:3000
20230528	10:26:11	30c0f77f-44fa-4c1e-b1b6-da2cc8893165	GET	/auth/login/success	http://localhost:3000
20230528	10:26:13	03564e74-1a1b-4000-9600-701eb5bfa1be	GET	/auth/google	undefined
20230528	10:26:14	4645aac8-ad44-4f78-b9d4-7b488ed328d9	GET	/auth/google/callback?code=4%2F0AbUR2VPTCkb9Pm_OTg5x-UKEpr7U1p9oibAoTKvfVkfgGy4a7cfkHwTnMIjoYwePI2S2mQ&scope=profile+https%3A%2F%2Fwww.googleapis.com%2Fauth%2Fuserinfo.profile	undefined
20230528	10:26:14	6152b0ce-930a-42f6-871a-a991a11f68fd	GET	/auth/login/success	http://localhost:3000
20230528	10:26:14	49e796a7-e60e-49bb-87ed-e0dedee5a697	GET	/auth/login/success	http://localhost:3000
20230528	10:27:21	244f76c9-747f-4601-8f01-d2f0c4cbe751	GET	/auth/logout	undefined
20230528	10:27:22	8906255c-de74-4564-9077-fc8b0f25ef57	OPTIONS	/auth/login/success	http://localhost:3000
20230528	10:27:22	09864d1e-b49c-42c7-a6dd-abfaa1a80bf9	OPTIONS	/auth/login/success	http://localhost:3000
20230528	10:27:22	6ae3ffe4-7a6f-43a1-9c85-b16ba32a309d	GET	/auth/login/success	http://localhost:3000
20230528	10:27:24	1f84354a-e203-4c49-b440-aec1a2effe7a	GET	/auth/google	undefined
20230528	10:27:25	2e38e0be-df1b-4cdd-9716-ba33638e9028	GET	/auth/google/callback?code=4%2F0AbUR2VPMqgGkL3hIfrAl7YYpqxTI58KkLY25lZg7R20DZPM4lZrTZLKPBjqoiLrV86jXFA&scope=profile+https%3A%2F%2Fwww.googleapis.com%2Fauth%2Fuserinfo.profile	undefined
20230528	10:27:25	990b7849-7417-400b-aa77-a7b944c51291	GET	/auth/login/success	http://localhost:3000
20230528	10:27:25	a143f8c7-5627-420a-b10c-fd574351759a	GET	/auth/login/success	http://localhost:3000
20230528	10:29:07	79c375a6-7f21-4ea1-a8ad-a6e1da0b1fd3	GET	/auth/logout	undefined
20230528	10:29:07	281d6757-3e4f-4e85-81f6-c0d7b9cd9e05	OPTIONS	/auth/login/success	http://localhost:3000
20230528	10:29:07	5a5a128b-66f8-4654-bcdb-e62c2db5f0d9	OPTIONS	/auth/login/success	http://localhost:3000
20230528	10:29:07	07300392-4f4c-4e1e-9b44-3ee840fe43ce	GET	/auth/login/success	http://localhost:3000
20230528	10:29:10	cba410bb-f742-45d8-87f7-7d8e65280815	GET	/auth/google	undefined
20230528	10:29:10	0f33778e-d787-43b0-a20a-26fe4a326433	GET	/auth/google/callback?code=4%2F0AbUR2VNmsHVS8_Ie6KST05prQGu05dyFpuDz9ny2MqkfxrhbfmyZ2QmZLdN62zkOOahwOw&scope=profile+https%3A%2F%2Fwww.googleapis.com%2Fauth%2Fuserinfo.profile	undefined
20230528	10:29:11	d94456a9-7f42-485c-be95-01a647df6f25	GET	/auth/login/success	http://localhost:3000
20230528	10:29:11	31bd05ca-30e4-48c7-8505-3f3f37325b5f	GET	/auth/login/success	http://localhost:3000
20230528	10:30:24	3a4b607d-3cd4-4a9c-a6c1-5ff4ae77808e	GET	/auth/logout	undefined
20230528	10:30:24	4c6f95db-4fd5-42ae-a20c-a890dece5bc5	OPTIONS	/auth/login/success	http://localhost:3000
20230528	10:30:24	7077d22d-d3a3-4c37-a848-341fcd3431d9	GET	/auth/login/success	http://localhost:3000
20230528	10:30:26	4d479ca4-4dfe-45eb-9384-bb900f373f11	GET	/auth/google	undefined
20230528	10:30:26	bd0d19ba-886e-4f76-a0d8-54ae7cb5cc97	GET	/auth/google/callback?code=4%2F0AbUR2VN2cJMiYBfSMcpRw4XGxkOe7lYGY9V7V3MOftDjnUjbhfqqTLx7OG7yOS-rB2g2HQ&scope=profile+https%3A%2F%2Fwww.googleapis.com%2Fauth%2Fuserinfo.profile	undefined
20230528	10:30:27	c9c4d226-08c5-4c68-96cd-610890aeff99	GET	/auth/login/success	http://localhost:3000
20230528	10:30:27	d54af852-05c0-4ec3-9b2e-c7c372306975	GET	/auth/login/success	http://localhost:3000
20230528	10:30:27	99d313a8-9bef-4cfa-ba0b-875d370f2462	GET	/auth/login/success	http://localhost:3000
20230528	10:33:20	83c4b4dd-638f-4bcc-b3ac-23e604c45f7b	GET	/auth/google	undefined
20230528	10:33:20	acabf061-16c7-422a-8e0b-06076ca72c7e	GET	/auth/google/callback?code=4%2F0AbUR2VNh3LvV__-yYYRH97OtOfCyVZYPG7Ljd7mWp_H-3sRT9GW0dF3EulyCxc-AWGmeiA&scope=profile+https%3A%2F%2Fwww.googleapis.com%2Fauth%2Fuserinfo.profile	undefined
20230528	10:33:21	5b4f9327-e361-4d69-ba21-4e7d426287f0	OPTIONS	/auth/login/success	http://localhost:3000
20230528	10:33:21	376569e5-88ff-4f17-86fd-6f7b5f8be75a	OPTIONS	/auth/login/success	http://localhost:3000
20230528	10:33:21	395eb385-b7db-46ae-ba27-bcc489d7ae4e	GET	/auth/login/success	http://localhost:3000
20230528	10:33:21	f12eb76f-58fd-4ed0-b239-a2942d863874	GET	/auth/login/success	http://localhost:3000
20230528	10:40:04	7e40e6ea-cebb-4e03-a13b-d0913aac7f3f	GET	/auth/logout	undefined
20230528	10:40:05	6e3ce8d6-9442-43e6-a835-4bafac900dd5	OPTIONS	/auth/login/success	http://localhost:3000
20230528	10:40:05	8d3a0b32-0ab0-49a5-92ab-c3ebf54321aa	OPTIONS	/auth/login/success	http://localhost:3000
20230528	10:40:05	977cc2a8-654c-4bd3-8207-3b73eb473da9	GET	/auth/login/success	http://localhost:3000
20230528	10:40:10	a8a5e4f5-7d12-449c-b19f-0d81bb163f62	GET	/auth/google	undefined
20230528	10:40:11	7a61437f-94a6-45ed-a40c-f526425964d0	GET	/auth/google/callback?code=4%2F0AbUR2VOf3U5G-F-Q02pWDmT6FYHk_VjS9bVvSuNDo61ErSWE0Dx8lqy103VJ0nM6IHsoPA&scope=profile+https%3A%2F%2Fwww.googleapis.com%2Fauth%2Fuserinfo.profile	undefined
20230528	10:40:11	897b8673-f56e-41ca-9bed-a49d60de7162	OPTIONS	/auth/login/success	http://localhost:3000
20230528	10:40:11	7dfc0392-8383-4850-a0df-4087e560096d	OPTIONS	/auth/login/success	http://localhost:3000
20230528	10:40:11	e48f410a-f7c8-4f79-acae-fce4380a14c0	GET	/auth/login/success	http://localhost:3000
20230528	10:40:11	2292b6a4-b725-414b-a9b9-7e30aa859a61	GET	/auth/login/success	http://localhost:3000
20230528	11:15:04	f28cbb04-4997-4f44-894f-974aaff2a4b9	GET	/auth/logout	undefined
20230528	11:15:05	4a8f1e05-2f92-4600-beab-f1237c2f41bd	OPTIONS	/auth/login/success	http://localhost:3000
20230528	11:15:05	8dfd63d2-8ff1-45c0-bcaf-f8c792cd10e8	OPTIONS	/auth/login/success	http://localhost:3000
20230528	11:15:05	de3bf5ad-e002-4274-815b-d8d3120b0d02	GET	/auth/login/success	http://localhost:3000
20230528	11:15:07	7074212c-c4fe-4acc-9d6e-b5e802fb89f8	GET	/auth/google	undefined
20230528	11:15:11	49942cb8-5626-4938-8cc6-57a6303e2afd	GET	/auth/google/callback?code=4%2F0AbUR2VOTbnQOnqL14h-69xOFWLZNSkb49c4Zl9D74D2DnQUiCBo-wtEsSZ5Vg43u-QHCrQ&scope=email+profile+https%3A%2F%2Fwww.googleapis.com%2Fauth%2Fuserinfo.profile+https%3A%2F%2Fwww.googleapis.com%2Fauth%2Fuserinfo.email+openid&authuser=0&prompt=consent	undefined
20230528	11:15:12	11ec7af8-3799-43bd-b2e8-b0365dd78a8a	OPTIONS	/auth/login/success	http://localhost:3000
20230528	11:15:12	10c8b3da-2e1c-40f8-ae3c-a2114b9c1bd4	OPTIONS	/auth/login/success	http://localhost:3000
20230528	11:15:12	131815f2-683b-43c4-8ff8-da40ace26826	GET	/auth/login/success	http://localhost:3000
20230528	11:15:12	3203802f-9e08-4277-b690-673159d8a85e	GET	/auth/login/success	http://localhost:3000
20230528	11:16:42	0b054052-6497-4d1b-a580-07bfa70de33d	GET	/auth/google	undefined
20230528	11:16:42	cf68cc05-0305-4c14-8ca7-d606257bcdb0	GET	/auth/google/callback?code=4%2F0AbUR2VNmXwceehIz2XU-R-dVTxMHw9wHBH-iA0CURyXEM_OuXugQPrsUFP-qeIhNdNigPg&scope=email+profile+https%3A%2F%2Fwww.googleapis.com%2Fauth%2Fuserinfo.profile+openid+https%3A%2F%2Fwww.googleapis.com%2Fauth%2Fuserinfo.email&authuser=0&prompt=none	undefined
20230528	11:16:44	ea8c197f-6e75-4194-af8b-d0bba69fd872	OPTIONS	/auth/login/success	http://localhost:3000
20230528	11:16:44	89c1c2fa-9b22-4e22-871d-996271cd3360	GET	/auth/login/success	http://localhost:3000
20230528	11:16:44	0bf3d46a-ccee-4939-8c95-7d4747cbcb52	GET	/auth/login/success	http://localhost:3000
20230528	11:17:44	694a3beb-5f3f-4248-8a1e-87861a031796	GET	/auth/google	undefined
20230528	11:17:44	72dae3b6-3911-48b7-ac14-fc6d93ab33e8	GET	/auth/google/callback?code=4%2F0AbUR2VNzw7K6zdPhhLXPUld8n2cMZWNLNoUMA7Mme-K_ujwABhFTv09pnPMILONnSm8EJw&scope=email+profile+https%3A%2F%2Fwww.googleapis.com%2Fauth%2Fuserinfo.profile+openid+https%3A%2F%2Fwww.googleapis.com%2Fauth%2Fuserinfo.email&authuser=0&prompt=none	undefined
20230528	11:17:45	1ff32a1f-5a53-453b-b110-bb3f9071bdec	OPTIONS	/auth/login/success	http://localhost:3000
20230528	11:17:45	1fc18481-0475-4706-ad11-71f3b821b8b9	OPTIONS	/auth/login/success	http://localhost:3000
20230528	11:17:45	a59af2f9-92bc-49e3-bc69-9e725da9aaef	GET	/auth/login/success	http://localhost:3000
20230528	11:17:45	d34231b2-ffcd-46c9-81c0-9ec66e91af03	GET	/auth/login/success	http://localhost:3000
20230528	11:18:09	9d732a4f-1290-4f75-91e1-94a1ca1ec621	OPTIONS	/auth/login/success	http://localhost:3000
20230528	11:18:09	ef2af4af-a59f-4ea9-8f9a-420017e628c2	OPTIONS	/auth/login/success	http://localhost:3000
20230528	11:18:09	a707260c-436f-45d8-92f9-0a0c435355b8	GET	/auth/login/success	http://localhost:3000
20230528	11:18:09	a3527aaa-4125-43c8-88c2-b7cf2beb5384	GET	/auth/login/success	http://localhost:3000
20230528	11:19:50	fbcc6bad-14ff-4a39-bb26-57ce4a80549b	OPTIONS	/auth/login/success	http://localhost:3000
20230528	11:19:50	34323daf-2e8a-464d-b416-87f8ae4e4e08	OPTIONS	/auth/login/success	http://localhost:3000
20230528	11:19:50	67c1e665-641c-4648-86b5-cb3cef15fd5f	GET	/auth/login/success	http://localhost:3000
20230528	11:19:56	65965217-0980-424f-8553-3c6ccefddbfe	GET	/auth/google	undefined
20230528	11:19:56	6ec6654e-307e-4476-ba1b-6817a341faee	GET	/auth/google/callback?code=4%2F0AbUR2VONH7RupjQ3vJZ9EWwp84ErSEL6hIsyoDgyAXraUtFKuJQ2k8yPHjc-TqgPy6H7IA&scope=email+profile+https%3A%2F%2Fwww.googleapis.com%2Fauth%2Fuserinfo.email+openid+https%3A%2F%2Fwww.googleapis.com%2Fauth%2Fuserinfo.profile&authuser=0&prompt=none	undefined
20230528	11:19:56	1b8f8d94-4513-4cf2-b130-c6b315e62e5a	GET	/auth/login/success	http://localhost:3000
20230528	11:19:57	b7215276-fdcd-43b7-89a7-a84429a8c002	OPTIONS	/auth/login/success	http://localhost:3000
20230528	11:19:57	130d0ad2-5547-427f-9ebd-7f58bbd00c64	OPTIONS	/auth/login/success	http://localhost:3000
20230528	11:19:57	0faab798-e1ac-4be3-a1c7-7981e43db73e	GET	/auth/login/success	http://localhost:3000
20230528	11:19:57	bf2eca6b-676a-46f4-8cc1-bd5100d96ed1	GET	/auth/login/success	http://localhost:3000
20230528	11:48:57	cafc1bfb-57cb-4eaa-8f57-ff4a447277bc	POST	/auth/signup	undefined
20230528	11:50:23	806b935f-6d9e-473b-a8e1-2cf4a3f2fa86	POST	/auth/signup	undefined
20230528	11:50:48	fa63fd2d-c7cf-43f0-aa3a-317e3f835d89	POST	/auth/signup	undefined
20230528	11:51:40	6ff2806c-553e-402d-b93f-35a44d7f24d0	POST	/auth/signup	undefined
20230528	11:51:58	a93c6b19-0dac-46f7-bd40-57a4adfb465f	POST	/auth/signup	undefined
20230528	11:52:02	f46e745f-9558-487c-aa99-08fc44282c32	POST	/auth/signup	undefined
20230528	12:01:49	b58c8d5d-c28b-4321-8bd3-ef6f958415f5	POST	/auth/signup	undefined
20230528	12:02:04	e6922f21-6623-4bd8-b2c0-cc4638ffbae7	POST	/auth/signup	undefined
20230528	12:02:31	27e97c55-5b20-4a6e-8c3b-686f32b91093	POST	/auth/signup	undefined
20230528	12:02:39	49d94ed3-d231-45dd-b115-803bfb722f7d	POST	/auth/signup	undefined
20230528	12:02:47	b9cfa752-31f8-419a-9e32-a6d0d8797a52	POST	/auth/signup	undefined
20230528	12:03:47	66950200-20df-4720-a014-01db96e3f692	POST	/auth/signin	undefined
20230528	12:04:09	9199a761-87e2-47bd-aa6e-35dcd5c3ba38	POST	/auth/signin	undefined
20230528	12:04:19	76bd965c-6a88-42b2-8f37-c6bbf255e98b	POST	/auth/signin	undefined
20230528	12:04:43	f6a4309f-3ed2-4a6e-a04c-ce1a9b4c8763	POST	/auth/signin	undefined
20230528	12:04:59	2d251147-0ae8-4e40-8f64-b880d0265405	POST	/auth/signup	undefined
20230528	12:05:06	6e79862a-b96f-4ac0-8e69-fd8bf073dd69	POST	/auth/signup	undefined
20230528	12:05:20	95f3d307-5d87-47ce-989f-1051876f48b3	POST	/auth/signin	undefined
20230528	12:08:51	dcd4609d-2670-433b-9940-b2514161b917	POST	/auth/signin	undefined
20230528	12:11:12	1f5345cf-0305-4f01-84ed-393a5b488734	POST	/auth/signin	undefined
20230528	12:12:23	f3501afa-72dc-4093-9b0f-a9662099ed62	POST	/auth/signin	undefined
20230528	12:13:36	c7fe8398-fbab-4184-9cb9-d6f9ac005df9	POST	/auth/signin	undefined
20230528	12:13:45	e3d75426-2ade-4858-a7ec-013a29a45a64	POST	/auth/signup	undefined
20230528	12:13:53	98261aa0-4ceb-4f82-ab74-503facb39ba6	POST	/auth/signin	undefined
20230528	12:15:15	fe836f65-8411-4abb-abc3-06b847cb5900	POST	/auth/signup	undefined
20230528	12:15:23	a2b59a33-74e2-4e38-a47d-05b143cab536	POST	/auth/signin	undefined
20230528	12:17:05	9f2676ba-0d91-41f1-86c9-185255d0d233	POST	/auth/signup	undefined
20230528	12:17:13	31b210ad-7f7b-403c-95df-e8ab571a127f	POST	/auth/signin	undefined
20230528	12:22:10	aa8848b2-7a22-4fe0-ba50-3f08013353be	POST	/auth/signup	undefined
20230528	12:22:18	dcbeb181-7008-42e7-8007-02aba8eb4911	POST	/auth/signin	undefined
20230528	12:25:01	c3165638-8471-41ff-aa71-5625d3a13a12	POST	/auth/signup	undefined
20230528	12:25:24	a461fc0e-3654-4c8b-a9b6-29d1afab86aa	POST	/auth/signin	undefined
20230528	12:27:50	720aadf5-07c5-44ce-bba0-5e91e7aebce6	POST	/auth/signup	undefined
20230528	12:28:01	977aa2a2-bdd8-4587-998c-7bb95e00a6d2	POST	/auth/signin	undefined
20230528	12:30:00	fa60da6b-70e3-4f58-8433-d0c0985e341d	POST	/auth/signin	undefined
20230528	12:30:19	bce2ba09-e218-47c1-a284-ca9fb2c9490f	POST	/auth/signin	undefined
20230528	12:33:24	2b44e87b-e906-439b-b388-e6df6916545d	POST	/auth/signin	undefined
20230528	12:35:02	2573c24c-6d1f-4bf4-a50a-96d3d6f8be6b	POST	/auth/signin	undefined
20230528	12:35:51	8b04e93b-3a86-40ee-8f3b-a42e47278bd1	POST	/auth/signup	undefined
20230528	12:36:00	fdcaad1c-4fef-46a2-ab02-d2ea0a71d13b	POST	/auth/signin	undefined
20230528	12:37:52	89a7b642-cb51-44c0-8aac-2a7adccb8552	POST	/auth/signin	undefined
20230528	12:43:37	158bea53-9cd5-4cb5-a4ce-8055c3e18d68	POST	/auth/signup	undefined
20230528	12:43:45	dae075ac-5328-429a-bddb-b586d1bac519	POST	/auth/signin	undefined
